android/app/build/intermediates/manifest_merge_blame_file/release/manifest-merger-blame-release-report.txt
1<?xml version="1.0" encoding="utf-8"?>
2<manifest xmlns:android="http://schemas.android.com/apk/res/android"
3    package="com.bluetooth"
4    android:versionCode="1"
5    android:versionName="1.0" >
6
7    <uses-sdk
8        android:minSdkVersion="21"
8-->src/main/AndroidManifest.xml
9        android:targetSdkVersion="30" />
9-->src/main/AndroidManifest.xml
10
11    <uses-permission android:name="android.permission.INTERNET" />
11-->src/main/AndroidManifest.xml:4:5-67
11-->src/main/AndroidManifest.xml:4:22-64
12    <uses-permission android:name="android.permission.BLUETOOTH" />
12-->src/main/AndroidManifest.xml:5:5-67
12-->src/main/AndroidManifest.xml:5:22-65
13    <uses-permission android:name="android.permission.BLUETOOTH_ADMIN" />
13-->src/main/AndroidManifest.xml:6:5-73
13-->src/main/AndroidManifest.xml:6:22-71
14    <uses-permission android:name="android.permission.ACCESS_COARSE_LOCATION" />
14-->src/main/AndroidManifest.xml:7:5-81
14-->src/main/AndroidManifest.xml:7:22-78
15
16    <uses-feature
16-->[:react-native-ble-manager] AndroidManifest.xml:11:5-13:36
17        android:name="android.hardware.bluetooth_le"
17-->[:react-native-ble-manager] AndroidManifest.xml:12:9-53
18        android:required="false" />
18-->[:react-native-ble-manager] AndroidManifest.xml:13:9-33
19
20    <uses-permission android:name="android.permission.ACCESS_FINE_LOCATION" />
20-->[:react-native-bluetooth-classic] AndroidManifest.xml:11:5-79
20-->[:react-native-bluetooth-classic] AndroidManifest.xml:11:22-76
21
22    <uses-feature
22-->[:react-native-bluetooth-state-manager] AndroidManifest.xml:11:5-13:36
23        android:name="android.hardware.bluetooth"
23-->[:react-native-bluetooth-state-manager] AndroidManifest.xml:12:9-50
24        android:required="false" />
24-->[:react-native-bluetooth-state-manager] AndroidManifest.xml:13:9-33
25
26    <application
26-->src/main/AndroidManifest.xml:9:5-27:19
27        android:name="com.bluetooth.MainApplication"
27-->src/main/AndroidManifest.xml:10:7-38
28        android:allowBackup="false"
28-->src/main/AndroidManifest.xml:14:7-34
29        android:appComponentFactory="androidx.core.app.CoreComponentFactory"
29-->[androidx.core:core:1.0.1] AndroidManifest.xml:22:18-86
30        android:icon="@mipmap/ic_launcher"
30-->src/main/AndroidManifest.xml:12:7-41
31        android:label="@string/app_name"
31-->src/main/AndroidManifest.xml:11:7-39
32        android:roundIcon="@mipmap/ic_launcher_round"
32-->src/main/AndroidManifest.xml:13:7-52
33        android:theme="@style/AppTheme" >
33-->src/main/AndroidManifest.xml:15:7-38
34        <activity
34-->src/main/AndroidManifest.xml:16:7-26:18
35            android:name="com.bluetooth.MainActivity"
35-->src/main/AndroidManifest.xml:17:9-37
36            android:configChanges="keyboard|keyboardHidden|orientation|screenSize|uiMode"
36-->src/main/AndroidManifest.xml:19:9-86
37            android:label="@string/app_name"
37-->src/main/AndroidManifest.xml:18:9-41
38            android:launchMode="singleTask"
38-->src/main/AndroidManifest.xml:20:9-40
39            android:windowSoftInputMode="adjustResize" >
39-->src/main/AndroidManifest.xml:21:9-51
40            <intent-filter>
40-->src/main/AndroidManifest.xml:22:9-25:25
41                <action android:name="android.intent.action.MAIN" />
41-->src/main/AndroidManifest.xml:23:13-65
41-->src/main/AndroidManifest.xml:23:21-62
42
43                <category android:name="android.intent.category.LAUNCHER" />
43-->src/main/AndroidManifest.xml:24:13-73
43-->src/main/AndroidManifest.xml:24:23-70
44            </intent-filter>
45        </activity>
46    </application>
47
48</manifest>